<?xml version="1.0" encoding="UTF-8"?>
<testsuite xmlns:xsi="http://www.w3.org/2001/XMLSchema-instance" xsi:noNamespaceSchemaLocation="https://maven.apache.org/surefire/maven-surefire-plugin/xsd/surefire-test-report.xsd" name="BaccaratGameTest" time="0.004" tests="3" errors="0" skipped="0" failures="0">
  <properties>
[...]
</properties>
  <testcase name="evaluateWinnings_PlayerWin" classname="BaccaratGameTest" time="0.003"/>
  <testcase name="evaluateWinnings_BankerWin" classname="BaccaratGameTest" time="0.001"/>
  <testcase name="evaluateWinnings_Draw" classname="BaccaratGameTest" time="0"/>
</testsuite>